<?xml version="1.0" encoding="UTF-8"?>
<!-- Generated by org.testng.reporters.JUnitXMLReporter -->
<testsuite hostname="UKL60YBN32" ignored="0" name="Smokepack Run" tests="2" failures="1" timestamp="11 Jul 2019 15:15:40 GMT" time="35.751" errors="0">
  <testcase name="bookOnewayflight" time="7.48" classname="STAX_Smoketest.staxSmoketest"/>
  <testcase name="staxRegistration" time="21.712" classname="STAX_Smoketest.staxSmoketest">
    <failure type="java.lang.AssertionError" message="no such element: Unable to locate element: {&amp;quot;method&amp;quot;:&amp;quot;xpath&amp;quot;,&amp;quot;selector&amp;quot;:&amp;quot;//button[@id=&amp;apos;sta-cookie-save-all-button&amp;apos;]&amp;quot;}
  (Session info: chrome=75.0.3770.100)
For documentation on this error, please visit: http://seleniumhq.org/exceptions/no_such_element.html
Build info: version: &amp;apos;3.4.0&amp;apos;, revision: &amp;apos;unknown&amp;apos;, time: &amp;apos;unknown&amp;apos;
System info: host: &amp;apos;UKL60YBN32&amp;apos;, ip: &amp;apos;10.44.253.33&amp;apos;, os.name: &amp;apos;Windows 10&amp;apos;, os.arch: &amp;apos;amd64&amp;apos;, os.version: &amp;apos;10.0&amp;apos;, java.version: &amp;apos;1.8.0_192&amp;apos;
Driver info: org.openqa.selenium.chrome.ChromeDriver
Capabilities [{networkConnectionEnabled=false, chrome={chromedriverVersion=75.0.3770.90 (a6dcaf7e3ec6f70a194cc25e8149475c6590e025-refs/branch-heads/3770@{#1003}), userDataDir=C:\Users\GURURA~1.SUB\AppData\Local\Temp\scoped_dir24824_26726}, timeouts={implicit=0.0, pageLoad=300000.0, script=30000.0}, pageLoadStrategy=normal, unhandledPromptBehavior=dismiss and notify, strictFileInteractability=false, platform=ANY, proxy=Proxy(), goog:chromeOptions={debuggerAddress=localhost:60491}, acceptInsecureCerts=false, browserVersion=75.0.3770.100, browserName=chrome, javascriptEnabled=true, platformName=windows nt, setWindowRect=true}]
Session ID: ae8602102243564077c7fc0bd9eb08e1
*** Element info: {Using=xpath, value=//button[@id=&amp;apos;sta-cookie-save-all-button&amp;apos;]}">
      <![CDATA[java.lang.AssertionError: no such element: Unable to locate element: {"method":"xpath","selector":"//button[@id='sta-cookie-save-all-button']"}
  (Session info: chrome=75.0.3770.100)
For documentation on this error, please visit: http://seleniumhq.org/exceptions/no_such_element.html
Build info: version: '3.4.0', revision: 'unknown', time: 'unknown'
System info: host: 'UKL60YBN32', ip: '10.44.253.33', os.name: 'Windows 10', os.arch: 'amd64', os.version: '10.0', java.version: '1.8.0_192'
Driver info: org.openqa.selenium.chrome.ChromeDriver
Capabilities [{networkConnectionEnabled=false, chrome={chromedriverVersion=75.0.3770.90 (a6dcaf7e3ec6f70a194cc25e8149475c6590e025-refs/branch-heads/3770@{#1003}), userDataDir=C:\Users\GURURA~1.SUB\AppData\Local\Temp\scoped_dir24824_26726}, timeouts={implicit=0.0, pageLoad=300000.0, script=30000.0}, pageLoadStrategy=normal, unhandledPromptBehavior=dismiss and notify, strictFileInteractability=false, platform=ANY, proxy=Proxy(), goog:chromeOptions={debuggerAddress=localhost:60491}, acceptInsecureCerts=false, browserVersion=75.0.3770.100, browserName=chrome, javascriptEnabled=true, platformName=windows nt, setWindowRect=true}]
Session ID: ae8602102243564077c7fc0bd9eb08e1
*** Element info: {Using=xpath, value=//button[@id='sta-cookie-save-all-button']}
at STAX_Smoketest.staxSmoketest.staxRegistration(staxSmoketest.java:46)
... Removed 26 stack frames]]>
    </failure>
  </testcase> <!-- staxRegistration -->
</testsuite> <!-- Smokepack Run -->
