[
  {
    "line": 1,
    "elements": [
      {
        "line": 12,
        "name": "User Verifies if the ort order is displayed properly Price (Low-High)",
        "description": "",
        "id": "user-verifies-the-sort-order-functionality;user-verifies-if-the-ort-order-is-displayed-properly-\u003csort-option\u003e;;2",
        "type": "scenario",
        "keyword": "Scenario Outline",
        "steps": [
          {
            "result": {
              "duration": 3482415137,
              "error_message": "org.openqa.selenium.NoSuchElementException: no such element: Unable to locate element: {\"method\":\"id\",\"selector\":\"sortSelect\"}\n  (Session info: chrome\u003d75.0.3770.100)\n  (Driver info: chromedriver\u003d2.46.628402 (536cd7adbad73a3783fdc2cab92ab2ba7ec361e1),platform\u003dWindows NT 10.0.16299 x86_64) (WARNING: The server did not provide any stacktrace information)\nCommand duration or timeout: 50 milliseconds\nFor documentation on this error, please visit: http://seleniumhq.org/exceptions/no_such_element.html\nBuild info: version: \u00273.4.0\u0027, revision: \u0027unknown\u0027, time: \u0027unknown\u0027\nSystem info: host: \u0027UKLF3GWKC2\u0027, ip: \u002710.44.253.139\u0027, os.name: \u0027Windows 10\u0027, os.arch: \u0027amd64\u0027, os.version: \u002710.0\u0027, java.version: \u00271.8.0_202\u0027\nDriver info: org.openqa.selenium.chrome.ChromeDriver\nCapabilities [{mobileEmulationEnabled\u003dfalse, timeouts\u003d{implicit\u003d0.0, pageLoad\u003d300000.0, script\u003d30000.0}, hasTouchScreen\u003dfalse, platform\u003dXP, acceptSslCerts\u003dfalse, goog:chromeOptions\u003d{debuggerAddress\u003dlocalhost:63607}, acceptInsecureCerts\u003dfalse, webStorageEnabled\u003dtrue, browserName\u003dchrome, takesScreenshot\u003dtrue, javascriptEnabled\u003dtrue, setWindowRect\u003dtrue, unexpectedAlertBehaviour\u003dignore, applicationCacheEnabled\u003dfalse, rotatable\u003dfalse, networkConnectionEnabled\u003dfalse, chrome\u003d{chromedriverVersion\u003d2.46.628402 (536cd7adbad73a3783fdc2cab92ab2ba7ec361e1), userDataDir\u003dC:\\Users\\KIRANM~1.ADA\\AppData\\Local\\Temp\\scoped_dir22672_11872}, takesHeapSnapshot\u003dtrue, pageLoadStrategy\u003dnormal, strictFileInteractability\u003dfalse, databaseEnabled\u003dfalse, handlesAlerts\u003dtrue, version\u003d75.0.3770.100, browserConnectionEnabled\u003dfalse, proxy\u003dProxy(), nativeEvents\u003dtrue, locationContextEnabled\u003dtrue, cssSelectorsEnabled\u003dtrue}]\nSession ID: 2f3f4619765b3346a09b44131519a90a\n*** Element info: {Using\u003did, value\u003dsortSelect}\r\n\tat sun.reflect.NativeConstructorAccessorImpl.newInstance0(Native Method)\r\n\tat sun.reflect.NativeConstructorAccessorImpl.newInstance(NativeConstructorAccessorImpl.java:62)\r\n\tat sun.reflect.DelegatingConstructorAccessorImpl.newInstance(DelegatingConstructorAccessorImpl.java:45)\r\n\tat java.lang.reflect.Constructor.newInstance(Constructor.java:423)\r\n\tat org.openqa.selenium.remote.ErrorHandler.createThrowable(ErrorHandler.java:215)\r\n\tat org.openqa.selenium.remote.ErrorHandler.throwIfResponseFailed(ErrorHandler.java:167)\r\n\tat org.openqa.selenium.remote.RemoteWebDriver.execute(RemoteWebDriver.java:671)\r\n\tat org.openqa.selenium.remote.RemoteWebDriver.findElement(RemoteWebDriver.java:410)\r\n\tat org.openqa.selenium.remote.RemoteWebDriver.findElementById(RemoteWebDriver.java:453)\r\n\tat org.openqa.selenium.By$ById.findElement(By.java:218)\r\n\tat org.openqa.selenium.remote.RemoteWebDriver.findElement(RemoteWebDriver.java:402)\r\n\tat com.STAX_common.StaxBase.type(StaxBase.java:129)\r\n\tat com.STAX_Implementations.HomePageImpl.SelectSortOption(HomePageImpl.java:16)\r\n\tat StepDefinitions.HomePageDefinitions.user_selects_the(HomePageDefinitions.java:12)\r\n\tat ✽.Given User selects the Price (Low-High)(src/test/java/com/TestCases/VerifySortOrder.feature:6)\r\n",
              "status": "failed"
            },
            "line": 6,
            "name": "User selects the Price (Low-High)",
            "match": {
              "arguments": [
                {
                  "val": "Price (Low-High)",
                  "offset": 17
                }
              ],
              "location": "HomePageDefinitions.user_selects_the(String)"
            },
            "matchedColumns": [
              0
            ],
            "keyword": "Given "
          }
        ]
      },
      {
        "line": 13,
        "name": "User Verifies if the ort order is displayed properly Price (High-Low)",
        "description": "",
        "id": "user-verifies-the-sort-order-functionality;user-verifies-if-the-ort-order-is-displayed-properly-\u003csort-option\u003e;;3",
        "type": "scenario",
        "keyword": "Scenario Outline",
        "steps": [
          {
            "result": {
              "duration": 3347980153,
              "error_message": "org.openqa.selenium.NoSuchElementException: no such element: Unable to locate element: {\"method\":\"id\",\"selector\":\"sortSelect\"}\n  (Session info: chrome\u003d75.0.3770.100)\n  (Driver info: chromedriver\u003d2.46.628402 (536cd7adbad73a3783fdc2cab92ab2ba7ec361e1),platform\u003dWindows NT 10.0.16299 x86_64) (WARNING: The server did not provide any stacktrace information)\nCommand duration or timeout: 17 milliseconds\nFor documentation on this error, please visit: http://seleniumhq.org/exceptions/no_such_element.html\nBuild info: version: \u00273.4.0\u0027, revision: \u0027unknown\u0027, time: \u0027unknown\u0027\nSystem info: host: \u0027UKLF3GWKC2\u0027, ip: \u002710.44.253.139\u0027, os.name: \u0027Windows 10\u0027, os.arch: \u0027amd64\u0027, os.version: \u002710.0\u0027, java.version: \u00271.8.0_202\u0027\nDriver info: org.openqa.selenium.chrome.ChromeDriver\nCapabilities [{mobileEmulationEnabled\u003dfalse, timeouts\u003d{implicit\u003d0.0, pageLoad\u003d300000.0, script\u003d30000.0}, hasTouchScreen\u003dfalse, platform\u003dXP, acceptSslCerts\u003dfalse, goog:chromeOptions\u003d{debuggerAddress\u003dlocalhost:63651}, acceptInsecureCerts\u003dfalse, webStorageEnabled\u003dtrue, browserName\u003dchrome, takesScreenshot\u003dtrue, javascriptEnabled\u003dtrue, setWindowRect\u003dtrue, unexpectedAlertBehaviour\u003dignore, applicationCacheEnabled\u003dfalse, rotatable\u003dfalse, networkConnectionEnabled\u003dfalse, chrome\u003d{chromedriverVersion\u003d2.46.628402 (536cd7adbad73a3783fdc2cab92ab2ba7ec361e1), userDataDir\u003dC:\\Users\\KIRANM~1.ADA\\AppData\\Local\\Temp\\scoped_dir35700_24185}, takesHeapSnapshot\u003dtrue, pageLoadStrategy\u003dnormal, strictFileInteractability\u003dfalse, databaseEnabled\u003dfalse, handlesAlerts\u003dtrue, version\u003d75.0.3770.100, browserConnectionEnabled\u003dfalse, proxy\u003dProxy(), nativeEvents\u003dtrue, locationContextEnabled\u003dtrue, cssSelectorsEnabled\u003dtrue}]\nSession ID: c68c8d23705f592901bfbd276cb98f01\n*** Element info: {Using\u003did, value\u003dsortSelect}\r\n\tat sun.reflect.NativeConstructorAccessorImpl.newInstance0(Native Method)\r\n\tat sun.reflect.NativeConstructorAccessorImpl.newInstance(NativeConstructorAccessorImpl.java:62)\r\n\tat sun.reflect.DelegatingConstructorAccessorImpl.newInstance(DelegatingConstructorAccessorImpl.java:45)\r\n\tat java.lang.reflect.Constructor.newInstance(Constructor.java:423)\r\n\tat org.openqa.selenium.remote.ErrorHandler.createThrowable(ErrorHandler.java:215)\r\n\tat org.openqa.selenium.remote.ErrorHandler.throwIfResponseFailed(ErrorHandler.java:167)\r\n\tat org.openqa.selenium.remote.RemoteWebDriver.execute(RemoteWebDriver.java:671)\r\n\tat org.openqa.selenium.remote.RemoteWebDriver.findElement(RemoteWebDriver.java:410)\r\n\tat org.openqa.selenium.remote.RemoteWebDriver.findElementById(RemoteWebDriver.java:453)\r\n\tat org.openqa.selenium.By$ById.findElement(By.java:218)\r\n\tat org.openqa.selenium.remote.RemoteWebDriver.findElement(RemoteWebDriver.java:402)\r\n\tat com.STAX_common.StaxBase.type(StaxBase.java:129)\r\n\tat com.STAX_Implementations.HomePageImpl.SelectSortOption(HomePageImpl.java:16)\r\n\tat StepDefinitions.HomePageDefinitions.user_selects_the(HomePageDefinitions.java:12)\r\n\tat ✽.Given User selects the Price (High-Low)(src/test/java/com/TestCases/VerifySortOrder.feature:6)\r\n",
              "status": "failed"
            },
            "line": 6,
            "name": "User selects the Price (High-Low)",
            "match": {
              "arguments": [
                {
                  "val": "Price (High-Low)",
                  "offset": 17
                }
              ],
              "location": "HomePageDefinitions.user_selects_the(String)"
            },
            "matchedColumns": [
              0
            ],
            "keyword": "Given "
          }
        ]
      },
      {
        "line": 14,
        "name": "User Verifies if the ort order is displayed properly Price/Day(Low-High)",
        "description": "",
        "id": "user-verifies-the-sort-order-functionality;user-verifies-if-the-ort-order-is-displayed-properly-\u003csort-option\u003e;;4",
        "type": "scenario",
        "keyword": "Scenario Outline",
        "steps": [
          {
            "result": {
              "duration": 3417701121,
              "error_message": "org.openqa.selenium.NoSuchElementException: no such element: Unable to locate element: {\"method\":\"id\",\"selector\":\"sortSelect\"}\n  (Session info: chrome\u003d75.0.3770.100)\n  (Driver info: chromedriver\u003d2.46.628402 (536cd7adbad73a3783fdc2cab92ab2ba7ec361e1),platform\u003dWindows NT 10.0.16299 x86_64) (WARNING: The server did not provide any stacktrace information)\nCommand duration or timeout: 16 milliseconds\nFor documentation on this error, please visit: http://seleniumhq.org/exceptions/no_such_element.html\nBuild info: version: \u00273.4.0\u0027, revision: \u0027unknown\u0027, time: \u0027unknown\u0027\nSystem info: host: \u0027UKLF3GWKC2\u0027, ip: \u002710.44.253.139\u0027, os.name: \u0027Windows 10\u0027, os.arch: \u0027amd64\u0027, os.version: \u002710.0\u0027, java.version: \u00271.8.0_202\u0027\nDriver info: org.openqa.selenium.chrome.ChromeDriver\nCapabilities [{mobileEmulationEnabled\u003dfalse, timeouts\u003d{implicit\u003d0.0, pageLoad\u003d300000.0, script\u003d30000.0}, hasTouchScreen\u003dfalse, platform\u003dXP, acceptSslCerts\u003dfalse, goog:chromeOptions\u003d{debuggerAddress\u003dlocalhost:63695}, acceptInsecureCerts\u003dfalse, webStorageEnabled\u003dtrue, browserName\u003dchrome, takesScreenshot\u003dtrue, javascriptEnabled\u003dtrue, setWindowRect\u003dtrue, unexpectedAlertBehaviour\u003dignore, applicationCacheEnabled\u003dfalse, rotatable\u003dfalse, networkConnectionEnabled\u003dfalse, chrome\u003d{chromedriverVersion\u003d2.46.628402 (536cd7adbad73a3783fdc2cab92ab2ba7ec361e1), userDataDir\u003dC:\\Users\\KIRANM~1.ADA\\AppData\\Local\\Temp\\scoped_dir36484_17238}, takesHeapSnapshot\u003dtrue, pageLoadStrategy\u003dnormal, strictFileInteractability\u003dfalse, databaseEnabled\u003dfalse, handlesAlerts\u003dtrue, version\u003d75.0.3770.100, browserConnectionEnabled\u003dfalse, proxy\u003dProxy(), nativeEvents\u003dtrue, locationContextEnabled\u003dtrue, cssSelectorsEnabled\u003dtrue}]\nSession ID: 29e8979472b8fd4159c4324dd5e8bf43\n*** Element info: {Using\u003did, value\u003dsortSelect}\r\n\tat sun.reflect.NativeConstructorAccessorImpl.newInstance0(Native Method)\r\n\tat sun.reflect.NativeConstructorAccessorImpl.newInstance(NativeConstructorAccessorImpl.java:62)\r\n\tat sun.reflect.DelegatingConstructorAccessorImpl.newInstance(DelegatingConstructorAccessorImpl.java:45)\r\n\tat java.lang.reflect.Constructor.newInstance(Constructor.java:423)\r\n\tat org.openqa.selenium.remote.ErrorHandler.createThrowable(ErrorHandler.java:215)\r\n\tat org.openqa.selenium.remote.ErrorHandler.throwIfResponseFailed(ErrorHandler.java:167)\r\n\tat org.openqa.selenium.remote.RemoteWebDriver.execute(RemoteWebDriver.java:671)\r\n\tat org.openqa.selenium.remote.RemoteWebDriver.findElement(RemoteWebDriver.java:410)\r\n\tat org.openqa.selenium.remote.RemoteWebDriver.findElementById(RemoteWebDriver.java:453)\r\n\tat org.openqa.selenium.By$ById.findElement(By.java:218)\r\n\tat org.openqa.selenium.remote.RemoteWebDriver.findElement(RemoteWebDriver.java:402)\r\n\tat com.STAX_common.StaxBase.type(StaxBase.java:129)\r\n\tat com.STAX_Implementations.HomePageImpl.SelectSortOption(HomePageImpl.java:16)\r\n\tat StepDefinitions.HomePageDefinitions.user_selects_the(HomePageDefinitions.java:12)\r\n\tat ✽.Given User selects the Price/Day(Low-High)(src/test/java/com/TestCases/VerifySortOrder.feature:6)\r\n",
              "status": "failed"
            },
            "line": 6,
            "name": "User selects the Price/Day(Low-High)",
            "match": {
              "arguments": [
                {
                  "val": "Price/Day(Low-High)",
                  "offset": 17
                }
              ],
              "location": "HomePageDefinitions.user_selects_the(String)"
            },
            "matchedColumns": [
              0
            ],
            "keyword": "Given "
          }
        ]
      },
      {
        "line": 15,
        "name": "User Verifies if the ort order is displayed properly Price/Day(High-Low)",
        "description": "",
        "id": "user-verifies-the-sort-order-functionality;user-verifies-if-the-ort-order-is-displayed-properly-\u003csort-option\u003e;;5",
        "type": "scenario",
        "keyword": "Scenario Outline",
        "steps": [
          {
            "result": {
              "duration": 3446838437,
              "error_message": "org.openqa.selenium.NoSuchElementException: no such element: Unable to locate element: {\"method\":\"id\",\"selector\":\"sortSelect\"}\n  (Session info: chrome\u003d75.0.3770.100)\n  (Driver info: chromedriver\u003d2.46.628402 (536cd7adbad73a3783fdc2cab92ab2ba7ec361e1),platform\u003dWindows NT 10.0.16299 x86_64) (WARNING: The server did not provide any stacktrace information)\nCommand duration or timeout: 17 milliseconds\nFor documentation on this error, please visit: http://seleniumhq.org/exceptions/no_such_element.html\nBuild info: version: \u00273.4.0\u0027, revision: \u0027unknown\u0027, time: \u0027unknown\u0027\nSystem info: host: \u0027UKLF3GWKC2\u0027, ip: \u002710.44.253.139\u0027, os.name: \u0027Windows 10\u0027, os.arch: \u0027amd64\u0027, os.version: \u002710.0\u0027, java.version: \u00271.8.0_202\u0027\nDriver info: org.openqa.selenium.chrome.ChromeDriver\nCapabilities [{mobileEmulationEnabled\u003dfalse, timeouts\u003d{implicit\u003d0.0, pageLoad\u003d300000.0, script\u003d30000.0}, hasTouchScreen\u003dfalse, platform\u003dXP, acceptSslCerts\u003dfalse, goog:chromeOptions\u003d{debuggerAddress\u003dlocalhost:63730}, acceptInsecureCerts\u003dfalse, webStorageEnabled\u003dtrue, browserName\u003dchrome, takesScreenshot\u003dtrue, javascriptEnabled\u003dtrue, setWindowRect\u003dtrue, unexpectedAlertBehaviour\u003dignore, applicationCacheEnabled\u003dfalse, rotatable\u003dfalse, networkConnectionEnabled\u003dfalse, chrome\u003d{chromedriverVersion\u003d2.46.628402 (536cd7adbad73a3783fdc2cab92ab2ba7ec361e1), userDataDir\u003dC:\\Users\\KIRANM~1.ADA\\AppData\\Local\\Temp\\scoped_dir35736_15635}, takesHeapSnapshot\u003dtrue, pageLoadStrategy\u003dnormal, strictFileInteractability\u003dfalse, databaseEnabled\u003dfalse, handlesAlerts\u003dtrue, version\u003d75.0.3770.100, browserConnectionEnabled\u003dfalse, proxy\u003dProxy(), nativeEvents\u003dtrue, locationContextEnabled\u003dtrue, cssSelectorsEnabled\u003dtrue}]\nSession ID: 2cab95b218e9b6bbd684d9792f467c58\n*** Element info: {Using\u003did, value\u003dsortSelect}\r\n\tat sun.reflect.NativeConstructorAccessorImpl.newInstance0(Native Method)\r\n\tat sun.reflect.NativeConstructorAccessorImpl.newInstance(NativeConstructorAccessorImpl.java:62)\r\n\tat sun.reflect.DelegatingConstructorAccessorImpl.newInstance(DelegatingConstructorAccessorImpl.java:45)\r\n\tat java.lang.reflect.Constructor.newInstance(Constructor.java:423)\r\n\tat org.openqa.selenium.remote.ErrorHandler.createThrowable(ErrorHandler.java:215)\r\n\tat org.openqa.selenium.remote.ErrorHandler.throwIfResponseFailed(ErrorHandler.java:167)\r\n\tat org.openqa.selenium.remote.RemoteWebDriver.execute(RemoteWebDriver.java:671)\r\n\tat org.openqa.selenium.remote.RemoteWebDriver.findElement(RemoteWebDriver.java:410)\r\n\tat org.openqa.selenium.remote.RemoteWebDriver.findElementById(RemoteWebDriver.java:453)\r\n\tat org.openqa.selenium.By$ById.findElement(By.java:218)\r\n\tat org.openqa.selenium.remote.RemoteWebDriver.findElement(RemoteWebDriver.java:402)\r\n\tat com.STAX_common.StaxBase.type(StaxBase.java:129)\r\n\tat com.STAX_Implementations.HomePageImpl.SelectSortOption(HomePageImpl.java:16)\r\n\tat StepDefinitions.HomePageDefinitions.user_selects_the(HomePageDefinitions.java:12)\r\n\tat ✽.Given User selects the Price/Day(High-Low)(src/test/java/com/TestCases/VerifySortOrder.feature:6)\r\n",
              "status": "failed"
            },
            "line": 6,
            "name": "User selects the Price/Day(High-Low)",
            "match": {
              "arguments": [
                {
                  "val": "Price/Day(High-Low)",
                  "offset": 17
                }
              ],
              "location": "HomePageDefinitions.user_selects_the(String)"
            },
            "matchedColumns": [
              0
            ],
            "keyword": "Given "
          }
        ]
      },
      {
        "line": 16,
        "name": "User Verifies if the ort order is displayed properly Duration(Lowest)",
        "description": "",
        "id": "user-verifies-the-sort-order-functionality;user-verifies-if-the-ort-order-is-displayed-properly-\u003csort-option\u003e;;6",
        "type": "scenario",
        "keyword": "Scenario Outline",
        "steps": [
          {
            "result": {
              "duration": 3326120602,
              "error_message": "org.openqa.selenium.NoSuchElementException: no such element: Unable to locate element: {\"method\":\"id\",\"selector\":\"sortSelect\"}\n  (Session info: chrome\u003d75.0.3770.100)\n  (Driver info: chromedriver\u003d2.46.628402 (536cd7adbad73a3783fdc2cab92ab2ba7ec361e1),platform\u003dWindows NT 10.0.16299 x86_64) (WARNING: The server did not provide any stacktrace information)\nCommand duration or timeout: 22 milliseconds\nFor documentation on this error, please visit: http://seleniumhq.org/exceptions/no_such_element.html\nBuild info: version: \u00273.4.0\u0027, revision: \u0027unknown\u0027, time: \u0027unknown\u0027\nSystem info: host: \u0027UKLF3GWKC2\u0027, ip: \u002710.44.253.139\u0027, os.name: \u0027Windows 10\u0027, os.arch: \u0027amd64\u0027, os.version: \u002710.0\u0027, java.version: \u00271.8.0_202\u0027\nDriver info: org.openqa.selenium.chrome.ChromeDriver\nCapabilities [{mobileEmulationEnabled\u003dfalse, timeouts\u003d{implicit\u003d0.0, pageLoad\u003d300000.0, script\u003d30000.0}, hasTouchScreen\u003dfalse, platform\u003dXP, acceptSslCerts\u003dfalse, goog:chromeOptions\u003d{debuggerAddress\u003dlocalhost:63755}, acceptInsecureCerts\u003dfalse, webStorageEnabled\u003dtrue, browserName\u003dchrome, takesScreenshot\u003dtrue, javascriptEnabled\u003dtrue, setWindowRect\u003dtrue, unexpectedAlertBehaviour\u003dignore, applicationCacheEnabled\u003dfalse, rotatable\u003dfalse, networkConnectionEnabled\u003dfalse, chrome\u003d{chromedriverVersion\u003d2.46.628402 (536cd7adbad73a3783fdc2cab92ab2ba7ec361e1), userDataDir\u003dC:\\Users\\KIRANM~1.ADA\\AppData\\Local\\Temp\\scoped_dir36008_6828}, takesHeapSnapshot\u003dtrue, pageLoadStrategy\u003dnormal, strictFileInteractability\u003dfalse, databaseEnabled\u003dfalse, handlesAlerts\u003dtrue, version\u003d75.0.3770.100, browserConnectionEnabled\u003dfalse, proxy\u003dProxy(), nativeEvents\u003dtrue, locationContextEnabled\u003dtrue, cssSelectorsEnabled\u003dtrue}]\nSession ID: 33169b404e6b11373b8a90808d94a38a\n*** Element info: {Using\u003did, value\u003dsortSelect}\r\n\tat sun.reflect.NativeConstructorAccessorImpl.newInstance0(Native Method)\r\n\tat sun.reflect.NativeConstructorAccessorImpl.newInstance(NativeConstructorAccessorImpl.java:62)\r\n\tat sun.reflect.DelegatingConstructorAccessorImpl.newInstance(DelegatingConstructorAccessorImpl.java:45)\r\n\tat java.lang.reflect.Constructor.newInstance(Constructor.java:423)\r\n\tat org.openqa.selenium.remote.ErrorHandler.createThrowable(ErrorHandler.java:215)\r\n\tat org.openqa.selenium.remote.ErrorHandler.throwIfResponseFailed(ErrorHandler.java:167)\r\n\tat org.openqa.selenium.remote.RemoteWebDriver.execute(RemoteWebDriver.java:671)\r\n\tat org.openqa.selenium.remote.RemoteWebDriver.findElement(RemoteWebDriver.java:410)\r\n\tat org.openqa.selenium.remote.RemoteWebDriver.findElementById(RemoteWebDriver.java:453)\r\n\tat org.openqa.selenium.By$ById.findElement(By.java:218)\r\n\tat org.openqa.selenium.remote.RemoteWebDriver.findElement(RemoteWebDriver.java:402)\r\n\tat com.STAX_common.StaxBase.type(StaxBase.java:129)\r\n\tat com.STAX_Implementations.HomePageImpl.SelectSortOption(HomePageImpl.java:16)\r\n\tat StepDefinitions.HomePageDefinitions.user_selects_the(HomePageDefinitions.java:12)\r\n\tat ✽.Given User selects the Duration(Lowest)(src/test/java/com/TestCases/VerifySortOrder.feature:6)\r\n",
              "status": "failed"
            },
            "line": 6,
            "name": "User selects the Duration(Lowest)",
            "match": {
              "arguments": [
                {
                  "val": "Duration(Lowest)",
                  "offset": 17
                }
              ],
              "location": "HomePageDefinitions.user_selects_the(String)"
            },
            "matchedColumns": [
              0
            ],
            "keyword": "Given "
          }
        ]
      }
    ],
    "name": "User Verifies the Sort Order Functionality",
    "description": "",
    "id": "user-verifies-the-sort-order-functionality",
    "keyword": "Feature",
    "uri": "src/test/java/com/TestCases/VerifySortOrder.feature"
  }
]